{
  "stats": {
    "suites": 1,
    "tests": 1,
    "passes": 1,
    "pending": 0,
    "failures": 0,
    "start": "2026-01-15T02:45:38.247Z",
    "end": "2026-01-15T02:45:48.716Z",
    "duration": 10469,
    "testsRegistered": 1,
    "passPercent": 100,
    "pendingPercent": 0,
    "other": 0,
    "hasOther": false,
    "skipped": 0,
    "hasSkipped": false
  },
  "results": [
    {
      "uuid": "9c49a20a-da10-4802-8963-b54d04fc7670",
      "title": "",
      "fullFile": "cypress/e2e/Home_page.cy.js",
      "file": "cypress/e2e/Home_page.cy.js",
      "beforeHooks": [],
      "afterHooks": [],
      "tests": [],
      "suites": [
        {
          "uuid": "ee7cbe44-ea40-4846-bde1-1c2fa231bde7",
          "title": "Amazon - Home page",
          "fullFile": "",
          "file": "",
          "beforeHooks": [],
          "afterHooks": [],
          "tests": [
            {
              "title": "Verify that the home page is displayed",
              "fullTitle": "Amazon - Home page Verify that the home page is displayed",
              "timedOut": null,
              "duration": 8618,
              "state": "passed",
              "speed": "medium",
              "pass": true,
              "fail": false,
              "pending": false,
              "context": null,
              "code": "// 1. Verify that the URL is correct\ncy.url().should('include', 'amazon.com');\n// 2. Verify that the logo in the upper left corner is visible\nHomePage.validateHomePage();\n// 3. Verify that the search field is present\nHomePage.elements.searchField().should('be.visible');",
              "err": {},
              "uuid": "a46d40cc-abf0-4aaf-b158-863776a9baf7",
              "parentUUID": "ee7cbe44-ea40-4846-bde1-1c2fa231bde7",
              "isHook": false,
              "skipped": false
            }
          ],
          "suites": [],
          "passes": [
            "a46d40cc-abf0-4aaf-b158-863776a9baf7"
          ],
          "failures": [],
          "pending": [],
          "skipped": [],
          "duration": 8618,
          "root": false,
          "rootEmpty": false,
          "_timeout": 2000
        }
      ],
      "passes": [],
      "failures": [],
      "pending": [],
      "skipped": [],
      "duration": 0,
      "root": true,
      "rootEmpty": true,
      "_timeout": 2000
    }
  ],
  "meta": {
    "mocha": {
      "version": "7.2.0"
    },
    "mochawesome": {
      "options": {
        "quiet": false,
        "reportFilename": "mochawesome",
        "saveHtml": true,
        "saveJson": true,
        "consoleReporter": "spec",
        "useInlineDiffs": false,
        "code": true
      },
      "version": "7.1.4"
    },
    "marge": {
      "options": {
        "reportDir": "cypress/reports",
        "overwrite": false,
        "html": true,
        "json": true
      },
      "version": "6.3.2"
    }
  }
}